---------------nn_13_relu_tanh_origin-------------------
steps: 0
degree bound: [4, 4]
number of partition: 2018
Lipschitz constant: 142.6378368312075
error_bound_lips: 5.043009083856349
sample error: 0.024827003499502683
---------------nn_13_relu_tanh_origin-------------------
steps: 1
degree bound: [4, 4]
number of partition: 2981
Lipschitz constant: 159.8857108585809
error_bound_lips: 7.450314800314841
sample error: 0.02187084096822587
---------------nn_13_relu_tanh_origin-------------------
steps: 2
degree bound: [4, 4]
number of partition: 4095
Lipschitz constant: 159.8857108585809
error_bound_lips: 10.2356810648589
sample error: 0.040464705696777854
---------------nn_13_relu_tanh_origin-------------------
steps: 3
degree bound: [4, 4]
number of partition: 4640
Lipschitz constant: 142.88980296910054
error_bound_lips: 11.598003981581613
sample error: 0.015986503268331613
---------------nn_13_relu_tanh_origin-------------------
steps: 4
degree bound: [4, 4]
number of partition: 4265
Lipschitz constant: 129.78581714866897
error_bound_lips: 10.661673158412055
sample error: 0.07440636267993779
---------------nn_13_relu_tanh_origin-------------------
steps: 5
degree bound: [4, 4]
number of partition: 3915
Lipschitz constant: 145.36193207043604
error_bound_lips: 9.785249323070966
sample error: 0.05916486378454479
---------------nn_13_relu_tanh_origin-------------------
steps: 6
degree bound: [4, 4]
number of partition: 4001
Lipschitz constant: 145.36193207043604
error_bound_lips: 10.000054289313429
sample error: 0.012394434767022877
---------------nn_13_relu_tanh_origin-------------------
steps: 7
degree bound: [4, 4]
number of partition: 4884
Lipschitz constant: 177.38557259911292
error_bound_lips: 12.20853095570407
sample error: 0.03520630854008019
---------------nn_13_relu_tanh_origin-------------------
steps: 8
degree bound: [4, 4]
number of partition: 5205
Lipschitz constant: 191.15241947894629
error_bound_lips: 13.011733088714545
sample error: 0.04438506588127636
---------------nn_13_relu_tanh_origin-------------------
steps: 9
degree bound: [4, 4]
number of partition: 5157
Lipschitz constant: 191.15241947894629
error_bound_lips: 12.891197945963333
sample error: 0.04623788532199832
---------------nn_13_relu_tanh_origin-------------------
steps: 10
degree bound: [4, 4]
number of partition: 5158
Lipschitz constant: 191.15241947894629
error_bound_lips: 12.894039056687362
sample error: 0.05432355425715148
---------------nn_13_relu_tanh_origin-------------------
steps: 11
degree bound: [4, 4]
number of partition: 5509
Lipschitz constant: 201.3624190989212
error_bound_lips: 13.771325394234408
sample error: 0.07042819218119835
---------------nn_13_relu_tanh_origin-------------------
steps: 12
degree bound: [4, 4]
number of partition: 5697
Lipschitz constant: 202.2997864918941
error_bound_lips: 14.240161032252683
sample error: 0.07057933045432668
---------------nn_13_relu_tanh_origin-------------------
steps: 13
degree bound: [4, 4]
number of partition: 5910
Lipschitz constant: 201.56811966413548
error_bound_lips: 14.7728681596495
sample error: 0.06730293585154212
---------------nn_13_relu_tanh_origin-------------------
steps: 14
degree bound: [4, 4]
number of partition: 6201
Lipschitz constant: 201.56811966413548
error_bound_lips: 15.500748421915878
sample error: 0.04532543729562381
---------------nn_13_relu_tanh_origin-------------------
steps: 15
degree bound: [4, 4]
number of partition: 6455
Lipschitz constant: 198.7887488145485
error_bound_lips: 16.135529849139463
sample error: 0.047261560206771844
---------------nn_13_relu_tanh_origin-------------------
steps: 16
degree bound: [4, 4]
number of partition: 6852
Lipschitz constant: 198.7887488145485
error_bound_lips: 17.128766794022965
sample error: 0.052051266994642
---------------nn_13_relu_tanh_origin-------------------
steps: 17
degree bound: [4, 4]
number of partition: 7788
Lipschitz constant: 211.34816760928797
error_bound_lips: 19.46815350888922
